
Subcircuit summary:
Circuit 1: amp2                            |Circuit 2: amp2                            
-------------------------------------------|-------------------------------------------
sky130_fd_pr__nfet_01v8 (5)                |sky130_fd_pr__nfet_01v8 (5)                
sky130_fd_pr__pfet_01v8 (3)                |sky130_fd_pr__pfet_01v8 (3)                
Number of devices: 8                       |Number of devices: 8                       
Number of nets: 8                          |Number of nets: 8                          
---------------------------------------------------------------------------------------
Netlists match uniquely.

Subcircuit pins:
Circuit 1: amp2                            |Circuit 2: amp2                            
-------------------------------------------|-------------------------------------------
Y                                          |Y                                          
INp                                        |INp                                        
INn                                        |INn                                        
VDD                                        |VDD                                        
VSS                                        |VSS                                        
---------------------------------------------------------------------------------------
Cell pin lists are equivalent.
Device classes amp2 and amp2 are equivalent.

Final result: Circuits match uniquely.
.
